<?xml version="1.0" encoding="UTF-8"?>
<testng-results ignored="0" total="3" passed="3" failed="0" skipped="0">
  <reporter-output>
  </reporter-output>
  <suite started-at="2024-05-24T17:35:41 IST" name="Default suite" finished-at="2024-05-24T17:35:45 IST" duration-ms="3553">
    <groups>
    </groups>
    <test started-at="2024-05-24T17:35:41 IST" name="Default test" finished-at="2024-05-24T17:35:45 IST" duration-ms="3553">
      <class name="extentReportExamples.ExtentReportExample">
        <test-method is-config="true" signature="launchBrowser()[pri:0, instance:extentReportExamples.ExtentReportExample@1ffaf86]" started-at="2024-05-24T17:35:39 IST" name="launchBrowser" finished-at="2024-05-24T17:35:41 IST" duration-ms="1654" status="PASS">
          <reporter-output>
          </reporter-output>
        </test-method> <!-- launchBrowser -->
        <test-method signature="openBing()[pri:0, instance:extentReportExamples.ExtentReportExample@1ffaf86]" started-at="2024-05-24T17:35:41 IST" name="openBing" finished-at="2024-05-24T17:35:42 IST" duration-ms="742" status="PASS">
          <reporter-output>
          </reporter-output>
        </test-method> <!-- openBing -->
        <test-method signature="openGoogle()[pri:0, instance:extentReportExamples.ExtentReportExample@1ffaf86]" started-at="2024-05-24T17:35:42 IST" name="openGoogle" finished-at="2024-05-24T17:35:43 IST" duration-ms="1343" status="PASS">
          <reporter-output>
          </reporter-output>
        </test-method> <!-- openGoogle -->
        <test-method signature="openWikipedia()[pri:0, instance:extentReportExamples.ExtentReportExample@1ffaf86]" started-at="2024-05-24T17:35:43 IST" name="openWikipedia" finished-at="2024-05-24T17:35:45 IST" duration-ms="1427" status="PASS">
          <reporter-output>
          </reporter-output>
        </test-method> <!-- openWikipedia -->
        <test-method is-config="true" signature="closeBrowser()[pri:0, instance:extentReportExamples.ExtentReportExample@1ffaf86]" started-at="2024-05-24T17:35:45 IST" name="closeBrowser" finished-at="2024-05-24T17:35:45 IST" duration-ms="503" status="PASS">
          <reporter-output>
          </reporter-output>
        </test-method> <!-- closeBrowser -->
      </class> <!-- extentReportExamples.ExtentReportExample -->
    </test> <!-- Default test -->
  </suite> <!-- Default suite -->
</testng-results>
