<?xml version="1.0" encoding="UTF-8"?>
<!-- Generated by org.testng.reporters.JUnitXMLReporter -->
<testsuite ignored="0" hostname="INCBEWRK087" failures="0" tests="4" name="Test Cases" time="14.886" errors="0" timestamp="2024-05-17T15:06:00 IST">
  <testcase classname="dataDriven.BothCorrect" name="loginWithCorrectPassword" time="6.08"/>
  <testcase classname="dataDriven.CorrectPassword" name="loginWithCorrectPassword" time="6.173"/>
  <testcase classname="dataDriven.BothInCorrect" name="loginWithBothCorrect" time="6.267"/>
  <testcase classname="dataDriven.CorrectUserName" name="loginWithCorrectUserName" time="8.764"/>
</testsuite> <!-- Test Cases -->
