<?xml version="1.0" encoding="UTF-8"?>
<!-- Generated by org.testng.reporters.JUnitXMLReporter -->
<testsuite ignored="0" hostname="INCBEWRK087" failures="0" tests="3" name="Default test" time="3.553" errors="0" timestamp="2024-05-24T17:35:45 IST">
  <testcase classname="extentReportExamples.ExtentReportExample" name="openBing" time="0.742"/>
  <testcase classname="extentReportExamples.ExtentReportExample" name="openGoogle" time="1.343"/>
  <testcase classname="extentReportExamples.ExtentReportExample" name="openWikipedia" time="1.427"/>
</testsuite> <!-- Default test -->
